This is pdfTeX, Version 3.1415926-2.5-1.40.14 (TeX Live 2013/Debian) (format=pdflatex 2014.11.3)  27 FEB 2015 23:56
entering extended mode
 restricted \write18 enabled.
 %&-line parsing enabled.
**Interimreport.tex
(./Interimreport.tex
LaTeX2e <2011/06/27>
Babel <3.9h> and hyphenation patterns for 2 languages loaded.
(/usr/share/texlive/texmf-dist/tex/latex/paper/paper.cls
Document Class: paper 2008/05/30 1.0l LaTeX document class (wm).
\hours=\count79
\minutes=\count80
(/usr/share/texlive/texmf-dist/tex/latex/base/size12.clo
File: size12.clo 2007/10/19 v1.4h Standard LaTeX file (size option)
)
\beforetitlespace=\skip41
\c@part=\count81
\c@section=\count82
\c@subsection=\count83
\c@subsubsection=\count84
\c@paragraph=\count85
\c@subparagraph=\count86
\exampleindent=\skip42
\c@figure=\count87
\c@table=\count88
\abovecaptionskip=\skip43
\belowcaptionskip=\skip44
\bibindent=\dimen102
)
(/usr/share/texlive/texmf-dist/tex/latex/base/inputenc.sty
Package: inputenc 2008/03/30 v1.1d Input encoding file
\inpenc@prehook=\toks14
\inpenc@posthook=\toks15

(/usr/share/texlive/texmf-dist/tex/latex/base/utf8.def
File: utf8.def 2008/04/05 v1.1m UTF-8 support for inputenc
Now handling font encoding OML ...
... no UTF-8 mapping file for font encoding OML
Now handling font encoding T1 ...
... processing UTF-8 mapping file for font encoding T1

(/usr/share/texlive/texmf-dist/tex/latex/base/t1enc.dfu
File: t1enc.dfu 2008/04/05 v1.1m UTF-8 support for inputenc
   defining Unicode char U+00A1 (decimal 161)
   defining Unicode char U+00A3 (decimal 163)
   defining Unicode char U+00AB (decimal 171)
   defining Unicode char U+00BB (decimal 187)
   defining Unicode char U+00BF (decimal 191)
   defining Unicode char U+00C0 (decimal 192)
   defining Unicode char U+00C1 (decimal 193)
   defining Unicode char U+00C2 (decimal 194)
   defining Unicode char U+00C3 (decimal 195)
   defining Unicode char U+00C4 (decimal 196)
   defining Unicode char U+00C5 (decimal 197)
   defining Unicode char U+00C6 (decimal 198)
   defining Unicode char U+00C7 (decimal 199)
   defining Unicode char U+00C8 (decimal 200)
   defining Unicode char U+00C9 (decimal 201)
   defining Unicode char U+00CA (decimal 202)
   defining Unicode char U+00CB (decimal 203)
   defining Unicode char U+00CC (decimal 204)
   defining Unicode char U+00CD (decimal 205)
   defining Unicode char U+00CE (decimal 206)
   defining Unicode char U+00CF (decimal 207)
   defining Unicode char U+00D0 (decimal 208)
   defining Unicode char U+00D1 (decimal 209)
   defining Unicode char U+00D2 (decimal 210)
   defining Unicode char U+00D3 (decimal 211)
   defining Unicode char U+00D4 (decimal 212)
   defining Unicode char U+00D5 (decimal 213)
   defining Unicode char U+00D6 (decimal 214)
   defining Unicode char U+00D8 (decimal 216)
   defining Unicode char U+00D9 (decimal 217)
   defining Unicode char U+00DA (decimal 218)
   defining Unicode char U+00DB (decimal 219)
   defining Unicode char U+00DC (decimal 220)
   defining Unicode char U+00DD (decimal 221)
   defining Unicode char U+00DE (decimal 222)
   defining Unicode char U+00DF (decimal 223)
   defining Unicode char U+00E0 (decimal 224)
   defining Unicode char U+00E1 (decimal 225)
   defining Unicode char U+00E2 (decimal 226)
   defining Unicode char U+00E3 (decimal 227)
   defining Unicode char U+00E4 (decimal 228)
   defining Unicode char U+00E5 (decimal 229)
   defining Unicode char U+00E6 (decimal 230)
   defining Unicode char U+00E7 (decimal 231)
   defining Unicode char U+00E8 (decimal 232)
   defining Unicode char U+00E9 (decimal 233)
   defining Unicode char U+00EA (decimal 234)
   defining Unicode char U+00EB (decimal 235)
   defining Unicode char U+00EC (decimal 236)
   defining Unicode char U+00ED (decimal 237)
   defining Unicode char U+00EE (decimal 238)
   defining Unicode char U+00EF (decimal 239)
   defining Unicode char U+00F0 (decimal 240)
   defining Unicode char U+00F1 (decimal 241)
   defining Unicode char U+00F2 (decimal 242)
   defining Unicode char U+00F3 (decimal 243)
   defining Unicode char U+00F4 (decimal 244)
   defining Unicode char U+00F5 (decimal 245)
   defining Unicode char U+00F6 (decimal 246)
   defining Unicode char U+00F8 (decimal 248)
   defining Unicode char U+00F9 (decimal 249)
   defining Unicode char U+00FA (decimal 250)
   defining Unicode char U+00FB (decimal 251)
   defining Unicode char U+00FC (decimal 252)
   defining Unicode char U+00FD (decimal 253)
   defining Unicode char U+00FE (decimal 254)
   defining Unicode char U+00FF (decimal 255)
   defining Unicode char U+0102 (decimal 258)
   defining Unicode char U+0103 (decimal 259)
   defining Unicode char U+0104 (decimal 260)
   defining Unicode char U+0105 (decimal 261)
   defining Unicode char U+0106 (decimal 262)
   defining Unicode char U+0107 (decimal 263)
   defining Unicode char U+010C (decimal 268)
   defining Unicode char U+010D (decimal 269)
   defining Unicode char U+010E (decimal 270)
   defining Unicode char U+010F (decimal 271)
   defining Unicode char U+0110 (decimal 272)
   defining Unicode char U+0111 (decimal 273)
   defining Unicode char U+0118 (decimal 280)
   defining Unicode char U+0119 (decimal 281)
   defining Unicode char U+011A (decimal 282)
   defining Unicode char U+011B (decimal 283)
   defining Unicode char U+011E (decimal 286)
   defining Unicode char U+011F (decimal 287)
   defining Unicode char U+0130 (decimal 304)
   defining Unicode char U+0131 (decimal 305)
   defining Unicode char U+0132 (decimal 306)
   defining Unicode char U+0133 (decimal 307)
   defining Unicode char U+0139 (decimal 313)
   defining Unicode char U+013A (decimal 314)
   defining Unicode char U+013D (decimal 317)
   defining Unicode char U+013E (decimal 318)
   defining Unicode char U+0141 (decimal 321)
   defining Unicode char U+0142 (decimal 322)
   defining Unicode char U+0143 (decimal 323)
   defining Unicode char U+0144 (decimal 324)
   defining Unicode char U+0147 (decimal 327)
   defining Unicode char U+0148 (decimal 328)
   defining Unicode char U+014A (decimal 330)
   defining Unicode char U+014B (decimal 331)
   defining Unicode char U+0150 (decimal 336)
   defining Unicode char U+0151 (decimal 337)
   defining Unicode char U+0152 (decimal 338)
   defining Unicode char U+0153 (decimal 339)
   defining Unicode char U+0154 (decimal 340)
   defining Unicode char U+0155 (decimal 341)
   defining Unicode char U+0158 (decimal 344)
   defining Unicode char U+0159 (decimal 345)
   defining Unicode char U+015A (decimal 346)
   defining Unicode char U+015B (decimal 347)
   defining Unicode char U+015E (decimal 350)
   defining Unicode char U+015F (decimal 351)
   defining Unicode char U+0160 (decimal 352)
   defining Unicode char U+0161 (decimal 353)
   defining Unicode char U+0162 (decimal 354)
   defining Unicode char U+0163 (decimal 355)
   defining Unicode char U+0164 (decimal 356)
   defining Unicode char U+0165 (decimal 357)
   defining Unicode char U+016E (decimal 366)
   defining Unicode char U+016F (decimal 367)
   defining Unicode char U+0170 (decimal 368)
   defining Unicode char U+0171 (decimal 369)
   defining Unicode char U+0178 (decimal 376)
   defining Unicode char U+0179 (decimal 377)
   defining Unicode char U+017A (decimal 378)
   defining Unicode char U+017B (decimal 379)
   defining Unicode char U+017C (decimal 380)
   defining Unicode char U+017D (decimal 381)
   defining Unicode char U+017E (decimal 382)
   defining Unicode char U+200C (decimal 8204)
   defining Unicode char U+2013 (decimal 8211)
   defining Unicode char U+2014 (decimal 8212)
   defining Unicode char U+2018 (decimal 8216)
   defining Unicode char U+2019 (decimal 8217)
   defining Unicode char U+201A (decimal 8218)
   defining Unicode char U+201C (decimal 8220)
   defining Unicode char U+201D (decimal 8221)
   defining Unicode char U+201E (decimal 8222)
   defining Unicode char U+2030 (decimal 8240)
   defining Unicode char U+2031 (decimal 8241)
   defining Unicode char U+2039 (decimal 8249)
   defining Unicode char U+203A (decimal 8250)
   defining Unicode char U+2423 (decimal 9251)
)
Now handling font encoding OT1 ...
... processing UTF-8 mapping file for font encoding OT1

(/usr/share/texlive/texmf-dist/tex/latex/base/ot1enc.dfu
File: ot1enc.dfu 2008/04/05 v1.1m UTF-8 support for inputenc
   defining Unicode char U+00A1 (decimal 161)
   defining Unicode char U+00A3 (decimal 163)
   defining Unicode char U+00B8 (decimal 184)
   defining Unicode char U+00BF (decimal 191)
   defining Unicode char U+00C5 (decimal 197)
   defining Unicode char U+00C6 (decimal 198)
   defining Unicode char U+00D8 (decimal 216)
   defining Unicode char U+00DF (decimal 223)
   defining Unicode char U+00E6 (decimal 230)
   defining Unicode char U+00EC (decimal 236)
   defining Unicode char U+00ED (decimal 237)
   defining Unicode char U+00EE (decimal 238)
   defining Unicode char U+00EF (decimal 239)
   defining Unicode char U+00F8 (decimal 248)
   defining Unicode char U+0131 (decimal 305)
   defining Unicode char U+0141 (decimal 321)
   defining Unicode char U+0142 (decimal 322)
   defining Unicode char U+0152 (decimal 338)
   defining Unicode char U+0153 (decimal 339)
   defining Unicode char U+2013 (decimal 8211)
   defining Unicode char U+2014 (decimal 8212)
   defining Unicode char U+2018 (decimal 8216)
   defining Unicode char U+2019 (decimal 8217)
   defining Unicode char U+201C (decimal 8220)
   defining Unicode char U+201D (decimal 8221)
)
Now handling font encoding OMS ...
... processing UTF-8 mapping file for font encoding OMS

(/usr/share/texlive/texmf-dist/tex/latex/base/omsenc.dfu
File: omsenc.dfu 2008/04/05 v1.1m UTF-8 support for inputenc
   defining Unicode char U+00A7 (decimal 167)
   defining Unicode char U+00B6 (decimal 182)
   defining Unicode char U+00B7 (decimal 183)
   defining Unicode char U+2020 (decimal 8224)
   defining Unicode char U+2021 (decimal 8225)
   defining Unicode char U+2022 (decimal 8226)
)
Now handling font encoding OMX ...
... no UTF-8 mapping file for font encoding OMX
Now handling font encoding U ...
... no UTF-8 mapping file for font encoding U
   defining Unicode char U+00A9 (decimal 169)
   defining Unicode char U+00AA (decimal 170)
   defining Unicode char U+00AE (decimal 174)
   defining Unicode char U+00BA (decimal 186)
   defining Unicode char U+02C6 (decimal 710)
   defining Unicode char U+02DC (decimal 732)
   defining Unicode char U+200C (decimal 8204)
   defining Unicode char U+2026 (decimal 8230)
   defining Unicode char U+2122 (decimal 8482)
   defining Unicode char U+2423 (decimal 9251)
))
(/usr/share/texlive/texmf-dist/tex/latex/graphics/graphicx.sty
Package: graphicx 1999/02/16 v1.0f Enhanced LaTeX Graphics (DPC,SPQR)

(/usr/share/texlive/texmf-dist/tex/latex/graphics/keyval.sty
Package: keyval 1999/03/16 v1.13 key=value parser (DPC)
\KV@toks@=\toks16
)
(/usr/share/texlive/texmf-dist/tex/latex/graphics/graphics.sty
Package: graphics 2009/02/05 v1.0o Standard LaTeX Graphics (DPC,SPQR)

(/usr/share/texlive/texmf-dist/tex/latex/graphics/trig.sty
Package: trig 1999/03/16 v1.09 sin cos tan (DPC)
)
(/usr/share/texlive/texmf-dist/tex/latex/latexconfig/graphics.cfg
File: graphics.cfg 2010/04/23 v1.9 graphics configuration of TeX Live
)
Package graphics Info: Driver file: pdftex.def on input line 91.

(/usr/share/texlive/texmf-dist/tex/latex/pdftex-def/pdftex.def
File: pdftex.def 2011/05/27 v0.06d Graphics/color for pdfTeX

(/usr/share/texlive/texmf-dist/tex/generic/oberdiek/infwarerr.sty
Package: infwarerr 2010/04/08 v1.3 Providing info/warning/error messages (HO)
)
(/usr/share/texlive/texmf-dist/tex/generic/oberdiek/ltxcmds.sty
Package: ltxcmds 2011/11/09 v1.22 LaTeX kernel commands for general use (HO)
)
\Gread@gobject=\count89
))
\Gin@req@height=\dimen103
\Gin@req@width=\dimen104
)
(./Interimreport.aux)
\openout1 = `Interimreport.aux'.

LaTeX Font Info:    Checking defaults for OML/cmm/m/it on input line 10.
LaTeX Font Info:    ... okay on input line 10.
LaTeX Font Info:    Checking defaults for T1/cmr/m/n on input line 10.
LaTeX Font Info:    ... okay on input line 10.
LaTeX Font Info:    Checking defaults for OT1/cmr/m/n on input line 10.
LaTeX Font Info:    ... okay on input line 10.
LaTeX Font Info:    Checking defaults for OMS/cmsy/m/n on input line 10.
LaTeX Font Info:    ... okay on input line 10.
LaTeX Font Info:    Checking defaults for OMX/cmex/m/n on input line 10.
LaTeX Font Info:    ... okay on input line 10.
LaTeX Font Info:    Checking defaults for U/cmr/m/n on input line 10.
LaTeX Font Info:    ... okay on input line 10.

(/usr/share/texlive/texmf-dist/tex/context/base/supp-pdf.mkii
[Loading MPS to PDF converter (version 2006.09.02).]
\scratchcounter=\count90
\scratchdimen=\dimen105
\scratchbox=\box26
\nofMPsegments=\count91
\nofMParguments=\count92
\everyMPshowfont=\toks17
\MPscratchCnt=\count93
\MPscratchDim=\dimen106
\MPnumerator=\count94
\makeMPintoPDFobject=\count95
\everyMPtoPDFconversion=\toks18
) (/usr/share/texlive/texmf-dist/tex/generic/oberdiek/pdftexcmds.sty
Package: pdftexcmds 2011/11/29 v0.20 Utility functions of pdfTeX for LuaTeX (HO
)

(/usr/share/texlive/texmf-dist/tex/generic/oberdiek/ifluatex.sty
Package: ifluatex 2010/03/01 v1.3 Provides the ifluatex switch (HO)
Package ifluatex Info: LuaTeX not detected.
)
(/usr/share/texlive/texmf-dist/tex/generic/oberdiek/ifpdf.sty
Package: ifpdf 2011/01/30 v2.3 Provides the ifpdf switch (HO)
Package ifpdf Info: pdfTeX in PDF mode is detected.
)
Package pdftexcmds Info: LuaTeX not detected.
Package pdftexcmds Info: \pdf@primitive is available.
Package pdftexcmds Info: \pdf@ifprimitive is available.
Package pdftexcmds Info: \pdfdraftmode found.
)
(/usr/share/texlive/texmf-dist/tex/latex/oberdiek/epstopdf-base.sty
Package: epstopdf-base 2010/02/09 v2.5 Base part for package epstopdf

(/usr/share/texlive/texmf-dist/tex/latex/oberdiek/grfext.sty
Package: grfext 2010/08/19 v1.1 Manage graphics extensions (HO)

(/usr/share/texlive/texmf-dist/tex/generic/oberdiek/kvdefinekeys.sty
Package: kvdefinekeys 2011/04/07 v1.3 Define keys (HO)
))
(/usr/share/texlive/texmf-dist/tex/latex/oberdiek/kvoptions.sty
Package: kvoptions 2011/06/30 v3.11 Key value format for package options (HO)

(/usr/share/texlive/texmf-dist/tex/generic/oberdiek/kvsetkeys.sty
Package: kvsetkeys 2012/04/25 v1.16 Key value parser (HO)

(/usr/share/texlive/texmf-dist/tex/generic/oberdiek/etexcmds.sty
Package: etexcmds 2011/02/16 v1.5 Avoid name clashes with e-TeX commands (HO)
Package etexcmds Info: Could not find \expanded.
(etexcmds)             That can mean that you are not using pdfTeX 1.50 or
(etexcmds)             that some package has redefined \expanded.
(etexcmds)             In the latter case, load this package earlier.
)))
Package grfext Info: Graphics extension search list:
(grfext)             [.png,.pdf,.jpg,.mps,.jpeg,.jbig2,.jb2,.PNG,.PDF,.JPG,.JPE
G,.JBIG2,.JB2,.eps]
(grfext)             \AppendGraphicsExtensions on input line 452.

(/usr/share/texlive/texmf-dist/tex/latex/latexconfig/epstopdf-sys.cfg
File: epstopdf-sys.cfg 2010/07/13 v1.3 Configuration of (r)epstopdf for TeX Liv
e
))
LaTeX Font Info:    External font `cmex10' loaded for size
(Font)              <17.28> on input line 11.
LaTeX Font Info:    External font `cmex10' loaded for size
(Font)              <12> on input line 11.

(./Interimreport.toc
LaTeX Font Info:    External font `cmex10' loaded for size
(Font)              <8> on input line 1.
LaTeX Font Info:    External font `cmex10' loaded for size
(Font)              <6> on input line 1.
)
\tf@toc=\write3
\openout3 = `Interimreport.toc'.

 [1


{/var/lib/texmf/fonts/map/pdftex/updmap/pdftex.map}]
[2] [3]

LaTeX Warning: Reference `label:SOP' on page 4 undefined on input line 59.

[4] [5] [6]
Overfull \hbox (11.3752pt too wide) in paragraph at lines 165--165
[]   \OT1/cmtt/m/n/12 The Hypertext Transfer Protocol (HTTP) is an application-
level[] 
 []


Overfull \hbox (17.5502pt too wide) in paragraph at lines 165--165
[]   \OT1/cmtt/m/n/12 protocol for distributed, collaborative, hypermedia infor
mation[] 
 []


Overfull \hbox (42.25021pt too wide) in paragraph at lines 165--165
[]   \OT1/cmtt/m/n/12 systems. It is a generic, stateless, protocol which can b
e used for[] 
 []


Overfull \hbox (29.9002pt too wide) in paragraph at lines 165--165
[]   \OT1/cmtt/m/n/12 many tasks beyond its use for hypertext, such as name ser
vers and[] 
 []


Overfull \hbox (17.5502pt too wide) in paragraph at lines 165--165
[]   \OT1/cmtt/m/n/12 distributed object management systems, through extension 
of its[] 
 []


Overfull \hbox (11.3752pt too wide) in paragraph at lines 165--165
[]   \OT1/cmtt/m/n/12 request methods, error codes and headers. A feature of HT
TP is[] 
 []


Overfull \hbox (42.25021pt too wide) in paragraph at lines 165--165
[]   \OT1/cmtt/m/n/12 the typing and negotiation of data representation, allowi
ng systems[] 
 []


Overfull \hbox (5.2002pt too wide) in paragraph at lines 165--165
[]   \OT1/cmtt/m/n/12 HTTP has been in use by the World-Wide Web global informa
tion[] 
 []


Overfull \hbox (11.3752pt too wide) in paragraph at lines 165--165
[]   \OT1/cmtt/m/n/12 initiative since 1990. This specification defines the pro
tocol[] 
 []


Underfull \hbox (badness 10000) in paragraph at lines 167--170

 []

[7] [8]
Underfull \hbox (badness 10000) in paragraph at lines 216--220

 []


Underfull \hbox (badness 10000) in paragraph at lines 232--232
[]\OT1/cmr/m/n/12 Header
 []


Underfull \hbox (badness 1189) in paragraph at lines 234--234
\OT1/cmr/m/n/12 by the server with Set-Cookie
 []


Underfull \hbox (badness 10000) in paragraph at lines 234--234
[]\OT1/cmr/m/n/12 Cookie:$Version=1;
 []


Underfull \hbox (badness 10000) in paragraph at lines 235--235
[]\OT1/cmr/m/n/12 Origin:
 []


Underfull \hbox (badness 10000) in paragraph at lines 235--235
\OT1/cmr/m/n/12 http://www.example-
 []


Overfull \hbox (2.005pt too wide) in paragraph at lines 235--236
[]\OT1/cmr/m/n/12 Permanent:
 []


Underfull \hbox (badness 10000) in paragraph at lines 236--236
[]\OT1/cmr/m/n/12 Referer
 []


Underfull \hbox (badness 10000) in paragraph at lines 237--237
[]\OT1/cmr/m/n/12 User-
 []


Underfull \hbox (badness 10000) in paragraph at lines 237--237
[]\OT1/cmr/m/n/12 User-Agent:
 []


Underfull \hbox (badness 10000) in paragraph at lines 237--237
\OT1/cmr/m/n/12 Mozilla5.0 (X11;
 []


Underfull \hbox (badness 10000) in paragraph at lines 237--237
\OT1/cmr/m/n/12 Gecko/20100101
 []


Overfull \hbox (56.33855pt too wide) in paragraph at lines 231--239
 [][] 
 []


Underfull \hbox (badness 10000) in paragraph at lines 246--246
[]\OT1/cmr/m/n/12 Header
 []


Underfull \hbox (badness 3439) in paragraph at lines 247--247
[]\OT1/cmr/m/n/12 An HTTP cookie Set-Cookie:
 []


Underfull \hbox (badness 10000) in paragraph at lines 247--247
\OT1/cmr/m/n/12 UserID=JohnDoe; Max-
 []


Underfull \hbox (badness 3250) in paragraph at lines 248--249
[]\OT1/cmr/m/n/12 Not listed
 []


Underfull \hbox (badness 2020) in paragraph at lines 248--249
\OT1/cmr/m/n/12 tered field
 []


Underfull \hbox (badness 10000) in paragraph at lines 249--249
[]\OT1/cmr/m/n/12 Strict-
 []


Underfull \hbox (badness 10000) in paragraph at lines 249--249
\OT1/cmr/m/n/12 Transport-
 []


Underfull \hbox (badness 1377) in paragraph at lines 249--249
[]\OT1/cmr/m/n/12 A HSTS Pol-icy in-form-ing the
 []


Underfull \hbox (badness 4072) in paragraph at lines 249--249
\OT1/cmr/m/n/12 the HTTPS only pol-icy and
 []


Underfull \hbox (badness 10000) in paragraph at lines 249--249
[]\OT1/cmr/m/n/12 Strict-Transport-
 []


Underfull \hbox (badness 10000) in paragraph at lines 249--249
\OT1/cmr/m/n/12 Security: max-
 []


Underfull \hbox (badness 10000) in paragraph at lines 249--249
\OT1/cmr/m/n/12 age=16070400; in-
 []


Overfull \hbox (2.005pt too wide) in paragraph at lines 249--250
[]\OT1/cmr/m/n/12 Permanent:
 []


Underfull \hbox (badness 10000) in paragraph at lines 250--250
[]\OT1/cmr/m/n/12 X-Frame-
 []


Overfull \hbox (1.90916pt too wide) in paragraph at lines 250--250
\OT1/cmr/m/n/12 Options[34]| 
 []


Underfull \hbox (badness 10000) in paragraph at lines 250--250
[]\OT1/cmr/m/n/12 X-Frame-Options:
 []


Underfull \hbox (badness 10000) in paragraph at lines 251--251
[]\OT1/cmr/m/n/12 X-XSS-
 []


Overfull \hbox (15.06042pt too wide) in paragraph at lines 251--251
\OT1/cmr/m/n/12 Protection[39]| 
 []


Underfull \hbox (badness 10000) in paragraph at lines 251--252
[]\OT1/cmr/m/n/12 non-
 []


Underfull \hbox (badness 10000) in paragraph at lines 252--252
[]\OT1/cmr/m/n/12 Content-
 []


Underfull \hbox (badness 10000) in paragraph at lines 252--252
\OT1/cmr/m/n/12 Security-
 []


Underfull \hbox (badness 10000) in paragraph at lines 252--252
[]\OT1/cmr/m/n/12 X-Content-Security-Policy X-
 []


Underfull \hbox (badness 3861) in paragraph at lines 252--252
\OT1/cmr/m/n/12 WebKit-CSP Con-tent Se-cu-rity
 []


Underfull \hbox (badness 10000) in paragraph at lines 252--252
[]\OT1/cmr/m/n/12 X-WebKit-CSP:
 []


Underfull \hbox (badness 10000) in paragraph at lines 252--253
[]\OT1/cmr/m/n/12 Working
 []


Overfull \hbox (56.33855pt too wide) in paragraph at lines 245--254
 [][] 
 []

[9]
Underfull \hbox (badness 10000) in paragraph at lines 285--289

 []


Underfull \hbox (badness 10000) in paragraph at lines 290--293

 []

[10]
Underfull \hbox (badness 10000) in paragraph at lines 296--301

 []


Underfull \hbox (badness 10000) in paragraph at lines 332--337

 []

[11] <refl-XSS.png, id=45, 1257.69875pt x 767.86874pt>
File: refl-XSS.png Graphic file (type png)
 <use refl-XSS.png>
Package pdftex.def Info: refl-XSS.png used on input line 347.
(pdftex.def)             Requested size: 390.0pt x 238.10715pt.

[12 <./refl-XSS.png (PNG copy)>]
<stored-XSS.png, id=49, 1267.73625pt x 737.75626pt>
File: stored-XSS.png Graphic file (type png)
 <use stored-XSS.png>
Package pdftex.def Info: stored-XSS.png used on input line 361.
(pdftex.def)             Requested size: 390.0pt x 226.9572pt.

Underfull \hbox (badness 10000) in paragraph at lines 367--372

 []

<DOM-XSS.png, id=50, 1258.7025pt x 782.925pt>
File: DOM-XSS.png Graphic file (type png)
 <use DOM-XSS.png>
Package pdftex.def Info: DOM-XSS.png used on input line 375.
(pdftex.def)             Requested size: 390.0pt x 242.58478pt.
 [13 <./stored-XSS.png (PNG copy)>] [14 <./DOM-XSS.png (PNG copy)>]

LaTeX Warning: Reference `label:cookie' on page 15 undefined on input line 412.


[15]
Underfull \hbox (badness 10000) in paragraph at lines 440--444

 []


Underfull \hbox (badness 10000) in paragraph at lines 449--452

 []


Underfull \hbox (badness 10000) in paragraph at lines 457--461

 []

[16]
Overfull \hbox (47.3524pt too wide) in paragraph at lines 467--469
[]\OT1/cmr/m/n/12 If a re-source au-thor has a sim-ple text re-source re-sid-in
g at http://example.com/hello
 []


Overfull \hbox (32.13867pt too wide) in paragraph at lines 467--469
\OT1/cmr/m/n/12 which con-tains the string "Hello World!"  and would like http:
//hello-world.example
 []


Underfull \hbox (badness 10000) in paragraph at lines 470--471

 []


Underfull \hbox (badness 10000) in paragraph at lines 472--473

 []


Underfull \hbox (badness 10000) in paragraph at lines 474--475

 []


Underfull \hbox (badness 10000) in paragraph at lines 484--487

 []

[17]
Underfull \hbox (badness 10000) in paragraph at lines 496--499

 []


Underfull \hbox (badness 10000) in paragraph at lines 504--506

 []


Underfull \hbox (badness 10000) in paragraph at lines 527--530

 []

[18]
Overfull \hbox (54.60022pt too wide) in paragraph at lines 534--534
[] \OT1/cmtt/m/n/12 <meta http-equiv="Content-Security-Policy" content="script-
src 'self'">[] 
 []


Overfull \hbox (85.47523pt too wide) in paragraph at lines 542--542
[]\OT1/cmtt/m/n/12 Content-Security-Policy: default-src 'self' http://eg.com ht
tp://example.net;[] 
 []


Overfull \hbox (36.07521pt too wide) in paragraph at lines 550--550
[]                                     \OT1/cmtt/m/n/12 report-uri /csp-report-
endpoint/[] 
 []


Underfull \hbox (badness 10000) in paragraph at lines 552--555

 []


Underfull \hbox (badness 10000) in paragraph at lines 565--568

 []

[19]
Underfull \hbox (badness 10000) in paragraph at lines 584--588

 []

[20] [21]
Underfull \hbox (badness 10000) in paragraph at lines 637--638
[]\OT1/cmr/m/it/12 Uniform Re-source Lo-ca-tor\OT1/cmr/m/n/12 , RFC 3986 , can 
check at
 []


Underfull \hbox (badness 1867) in paragraph at lines 639--641
\OT1/cmr/m/n/12 Webjail,\OT1/cmr/m/it/12 least-privilege in-te-gra-tion of thir
d-party com-po-nents in web
 []

[22] [23] [24] (./Interimreport.aux)

LaTeX Warning: There were undefined references.

 ) 
Here is how much of TeX's memory you used:
 1903 strings out of 495028
 25474 string characters out of 6181497
 88107 words of memory out of 5000000
 5095 multiletter control sequences out of 15000+600000
 11781 words of font info for 41 fonts, out of 8000000 for 9000
 14 hyphenation exceptions out of 8191
 37i,10n,23p,279b,312s stack positions out of 5000i,500n,10000p,200000b,80000s
</usr/share/texlive/texmf-dist/fonts/type1/public/amsfonts/cm/cmbx12.pfb></us
r/share/texlive/texmf-dist/fonts/type1/public/amsfonts/cm/cmr10.pfb></usr/share
/texlive/texmf-dist/fonts/type1/public/amsfonts/cm/cmr12.pfb></usr/share/texliv
e/texmf-dist/fonts/type1/public/amsfonts/cm/cmss10.pfb></usr/share/texlive/texm
f-dist/fonts/type1/public/amsfonts/cm/cmss12.pfb></usr/share/texlive/texmf-dist
/fonts/type1/public/amsfonts/cm/cmssbx10.pfb></usr/share/texlive/texmf-dist/fon
ts/type1/public/amsfonts/cm/cmssi17.pfb></usr/share/texlive/texmf-dist/fonts/ty
pe1/public/amsfonts/cm/cmti12.pfb></usr/share/texlive/texmf-dist/fonts/type1/pu
blic/amsfonts/cm/cmtt12.pfb>
Output written on Interimreport.pdf (24 pages, 413266 bytes).
PDF statistics:
 120 PDF objects out of 1000 (max. 8388607)
 81 compressed objects within 1 object stream
 0 named destinations out of 1000 (max. 500000)
 16 words of extra memory for PDF output out of 10000 (max. 10000000)

